e:\louis\programs\c++\hrender\hrender\x64\debug\vc141.pdb
e:\louis\programs\c++\hrender\hrender\x64\debug\vc141.idb
e:\louis\programs\c++\hrender\hrender\x64\debug\glad.obj
e:\louis\programs\c++\hrender\hrender\x64\debug\stdafx.obj
e:\louis\programs\c++\hrender\hrender\x64\debug\shader.obj
e:\louis\programs\c++\hrender\hrender\x64\debug\res.obj
e:\louis\programs\c++\hrender\hrender\x64\debug\pointlight.obj
e:\louis\programs\c++\hrender\hrender\x64\debug\model.obj
e:\louis\programs\c++\hrender\hrender\x64\debug\mesh.obj
e:\louis\programs\c++\hrender\hrender\x64\debug\hrender.obj
e:\louis\programs\c++\hrender\hrender\x64\debug\font.obj
e:\louis\programs\c++\hrender\hrender\x64\debug\camera.obj
e:\louis\programs\c++\hrender\x64\debug\hrender.pdb
e:\louis\programs\c++\hrender\hrender\x64\debug\hrender.tlog\cl.command.1.tlog
e:\louis\programs\c++\hrender\hrender\x64\debug\hrender.tlog\cl.read.1.tlog
e:\louis\programs\c++\hrender\hrender\x64\debug\hrender.tlog\cl.write.1.tlog
e:\louis\programs\c++\hrender\hrender\x64\debug\hrender.tlog\link-cvtres.read.1.tlog
e:\louis\programs\c++\hrender\hrender\x64\debug\hrender.tlog\link-cvtres.write.1.tlog
e:\louis\programs\c++\hrender\hrender\x64\debug\hrender.tlog\link-rc.read.1.tlog
e:\louis\programs\c++\hrender\hrender\x64\debug\hrender.tlog\link-rc.write.1.tlog
e:\louis\programs\c++\hrender\hrender\x64\debug\hrender.tlog\link.command.1.tlog
e:\louis\programs\c++\hrender\hrender\x64\debug\hrender.tlog\link.read.1.tlog
e:\louis\programs\c++\hrender\hrender\x64\debug\hrender.tlog\link.write.1.tlog
